This is pdfTeX, Version 3.141592653-2.6-1.40.24 (MiKTeX 22.10) (preloaded format=pdflatex 2023.7.30)  5 MAR 2024 07:15
entering extended mode
 \write18 enabled.
 %&-line parsing enabled.
**./main.tex
(main.tex
LaTeX2e <2022-11-01> patch level 1
L3 programming layer <2023-02-02>
(C:\Users\Muhamad Ridzuan\AppData\Roaming\MiKTeX\2.9\tex/latex/base\article.cls
Document Class: article 2022/07/02 v1.4n Standard LaTeX document class
(C:\Users\Muhamad Ridzuan\AppData\Roaming\MiKTeX\2.9\tex/latex/base\size10.clo
File: size10.clo 2022/07/02 v1.4n Standard LaTeX file (size option)
)
\c@part=\count185
\c@section=\count186
\c@subsection=\count187
\c@subsubsection=\count188
\c@paragraph=\count189
\c@subparagraph=\count190
\c@figure=\count191
\c@table=\count192
\abovecaptionskip=\skip48
\belowcaptionskip=\skip49
\bibindent=\dimen140
)
(C:\Users\Muhamad Ridzuan\AppData\Roaming\MiKTeX\2.9\tex/latex/lipsum\lipsum.st
y
(C:\Users\Muhamad Ridzuan\AppData\Roaming\MiKTeX\2.9\tex/latex/l3packages/l3key
s2e\l3keys2e.sty
(C:\Users\Muhamad Ridzuan\AppData\Roaming\MiKTeX\2.9\tex/latex/l3kernel\expl3.s
ty
Package: expl3 2023-02-02 L3 programming layer (loader) 

(C:\Users\Muhamad Ridzuan\AppData\Roaming\MiKTeX\2.9\tex/latex/l3backend\l3back
end-pdftex.def
File: l3backend-pdftex.def 2023-01-16 L3 backend support: PDF output (pdfTeX)
\l__color_backend_stack_int=\count193
\l__pdf_internal_box=\box51
))
Package: l3keys2e 2023-01-16 LaTeX2e option processing using LaTeX3 keys
)
Package: lipsum 2021-09-20 v2.7 150 paragraphs of Lorem Ipsum dummy text
\g__lipsum_par_int=\count194
\l__lipsum_a_int=\count195
\l__lipsum_b_int=\count196

(C:\Users\Muhamad Ridzuan\AppData\Roaming\MiKTeX\2.9\tex/latex/lipsum\lipsum.lt
d.tex))
(C:\Users\Muhamad Ridzuan\AppData\Roaming\MiKTeX\2.9\tex/latex/geometry\geometr
y.sty
Package: geometry 2020/01/02 v5.9 Page Geometry

(C:\Users\Muhamad Ridzuan\AppData\Roaming\MiKTeX\2.9\tex/latex/graphics\keyval.
sty
Package: keyval 2022/05/29 v1.15 key=value parser (DPC)
\KV@toks@=\toks16
)
(C:\Users\Muhamad Ridzuan\AppData\Roaming\MiKTeX\2.9\tex/generic/iftex\ifvtex.s
ty
Package: ifvtex 2019/10/25 v1.7 ifvtex legacy package. Use iftex instead.

(C:\Users\Muhamad Ridzuan\AppData\Roaming\MiKTeX\2.9\tex/generic/iftex\iftex.st
y
Package: iftex 2022/02/03 v1.0f TeX engine tests
))
\Gm@cnth=\count197
\Gm@cntv=\count198
\c@Gm@tempcnt=\count199
\Gm@bindingoffset=\dimen141
\Gm@wd@mp=\dimen142
\Gm@odd@mp=\dimen143
\Gm@even@mp=\dimen144
\Gm@layoutwidth=\dimen145
\Gm@layoutheight=\dimen146
\Gm@layouthoffset=\dimen147
\Gm@layoutvoffset=\dimen148
\Gm@dimlist=\toks17

(C:\Users\Muhamad Ridzuan\AppData\Roaming\MiKTeX\2.9\tex/latex/geometry\geometr
y.cfg))
(C:\Users\Muhamad Ridzuan\AppData\Roaming\MiKTeX\2.9\tex/latex/setspace\setspac
e.sty
Package: setspace 2022/12/04 v6.7b set line spacing
)
(C:\Users\Muhamad Ridzuan\AppData\Roaming\MiKTeX\2.9\tex/latex/graphics\graphic
x.sty
Package: graphicx 2021/09/16 v1.2d Enhanced LaTeX Graphics (DPC,SPQR)

(C:\Users\Muhamad Ridzuan\AppData\Roaming\MiKTeX\2.9\tex/latex/graphics\graphic
s.sty
Package: graphics 2022/03/10 v1.4e Standard LaTeX Graphics (DPC,SPQR)

(C:\Users\Muhamad Ridzuan\AppData\Roaming\MiKTeX\2.9\tex/latex/graphics\trig.st
y
Package: trig 2021/08/11 v1.11 sin cos tan (DPC)
)
(C:\Users\Muhamad Ridzuan\AppData\Roaming\MiKTeX\2.9\tex/latex/graphics-cfg\gra
phics.cfg
File: graphics.cfg 2016/06/04 v1.11 sample graphics configuration
)
Package graphics Info: Driver file: pdftex.def on input line 107.

(C:\Users\Muhamad Ridzuan\AppData\Roaming\MiKTeX\2.9\tex/latex/graphics-def\pdf
tex.def
File: pdftex.def 2022/09/22 v1.2b Graphics/color driver for pdftex
))
\Gin@req@height=\dimen149
\Gin@req@width=\dimen150
) (main.aux)
\openout1 = `main.aux'.

LaTeX Font Info:    Checking defaults for OML/cmm/m/it on input line 14.
LaTeX Font Info:    ... okay on input line 14.
LaTeX Font Info:    Checking defaults for OMS/cmsy/m/n on input line 14.
LaTeX Font Info:    ... okay on input line 14.
LaTeX Font Info:    Checking defaults for OT1/cmr/m/n on input line 14.
LaTeX Font Info:    ... okay on input line 14.
LaTeX Font Info:    Checking defaults for T1/cmr/m/n on input line 14.
LaTeX Font Info:    ... okay on input line 14.
LaTeX Font Info:    Checking defaults for TS1/cmr/m/n on input line 14.
LaTeX Font Info:    ... okay on input line 14.
LaTeX Font Info:    Checking defaults for OMX/cmex/m/n on input line 14.
LaTeX Font Info:    ... okay on input line 14.
LaTeX Font Info:    Checking defaults for U/cmr/m/n on input line 14.
LaTeX Font Info:    ... okay on input line 14.

*geometry* driver: auto-detecting
*geometry* detected driver: pdftex
*geometry* verbose mode - [ preamble ] result:
* driver: pdftex
* paper: <default>
* layout: <same size as paper>
* layoutoffset:(h,v)=(0.0pt,0.0pt)
* modes: 
* h-part:(L,W,R)=(72.26999pt, 469.75502pt, 72.26999pt)
* v-part:(T,H,B)=(72.26999pt, 650.43001pt, 72.26999pt)
* \paperwidth=614.295pt
* \paperheight=794.96999pt
* \textwidth=469.75502pt
* \textheight=650.43001pt
* \oddsidemargin=0.0pt
* \evensidemargin=0.0pt
* \topmargin=-37.0pt
* \headheight=12.0pt
* \headsep=25.0pt
* \topskip=10.0pt
* \footskip=30.0pt
* \marginparwidth=65.0pt
* \marginparsep=11.0pt
* \columnsep=10.0pt
* \skip\footins=9.0pt plus 4.0pt minus 2.0pt
* \hoffset=0.0pt
* \voffset=0.0pt
* \mag=1000
* \@twocolumnfalse
* \@twosidefalse
* \@mparswitchfalse
* \@reversemarginfalse
* (1in=72.27pt=25.4mm, 1cm=28.453pt)


(C:\Users\Muhamad Ridzuan\AppData\Roaming\MiKTeX\2.9\tex/context/base/mkii\supp
-pdf.mkii
[Loading MPS to PDF converter (version 2006.09.02).]
\scratchcounter=\count266
\scratchdimen=\dimen151
\scratchbox=\box52
\nofMPsegments=\count267
\nofMParguments=\count268
\everyMPshowfont=\toks18
\MPscratchCnt=\count269
\MPscratchDim=\dimen152
\MPnumerator=\count270
\makeMPintoPDFobject=\count271
\everyMPtoPDFconversion=\toks19
)
(C:\Users\Muhamad Ridzuan\AppData\Roaming\MiKTeX\2.9\tex/latex/epstopdf-pkg\eps
topdf-base.sty
Package: epstopdf-base 2020-01-24 v2.11 Base part for package epstopdf
Package epstopdf-base Info: Redefining graphics rule for `.eps' on input line 4
85.

(C:\Users\Muhamad Ridzuan\AppData\Roaming\MiKTeX\2.9\tex/latex/00miktex\epstopd
f-sys.cfg
File: epstopdf-sys.cfg 2021/03/18 v2.0 Configuration of epstopdf for MiKTeX
))
LaTeX Font Info:    External font `cmex10' loaded for size
(Font)              <12> on input line 15.
LaTeX Font Info:    External font `cmex10' loaded for size
(Font)              <8> on input line 15.
LaTeX Font Info:    External font `cmex10' loaded for size
(Font)              <6> on input line 15.
 (chapter_1.tex
LaTeX Font Info:    External font `cmex10' loaded for size
(Font)              <7> on input line 13.
LaTeX Font Info:    External font `cmex10' loaded for size
(Font)              <5> on input line 13.

Overfull \hbox (9.22026pt too wide) in paragraph at lines 33--34
\OT1/cmr/m/n/10 This lead to the Generalized Hebbian learning, aka Sanger's rul
e where the contribution of input is \OT1/cmr/m/it/10 incrementally
 []

[1

{C:/Users/Muhamad Ridzuan/AppData/Local/MiKTeX/2.9/fonts/map/pdftex/pdftex.map}
]
<./images//simplified_perceptron_model.png, id=16, 470.50781pt x 348.55219pt>
File: ./images//simplified_perceptron_model.png Graphic file (type png)
<use ./images//simplified_perceptron_model.png>
Package pdftex.def Info: ./images//simplified_perceptron_model.png  used on inp
ut line 57.
(pdftex.def)             Requested size: 235.25333pt x 174.27565pt.
) [2 <./images//simplified_perceptron_model.png>] (main.aux) ) 
Here is how much of TeX's memory you used:
 2386 strings out of 478312
 44151 string characters out of 5839263
 1858340 words of memory out of 5000000
 22529 multiletter control sequences out of 15000+600000
 517223 words of font info for 48 fonts, out of 8000000 for 9000
 0 hyphenation exceptions out of 8191
 72i,7n,77p,316b,233s stack positions out of 10000i,1000n,20000p,200000b,200000s
 <C:\Users\Muhama
d Ridzuan\AppData\Local\MiKTeX\2.9\fonts/pk/ljfour/jknappen/ec/dpi600\tcrm1000.
pk><C:/Users/Muhamad Ridzuan/AppData/Roaming/MiKTeX/2.9/fonts/type1/public/amsf
onts/cm/cmbx10.pfb><C:/Users/Muhamad Ridzuan/AppData/Roaming/MiKTeX/2.9/fonts/t
ype1/public/amsfonts/cm/cmbx12.pfb><C:/Users/Muhamad Ridzuan/AppData/Roaming/Mi
KTeX/2.9/fonts/type1/public/amsfonts/cm/cmex10.pfb><C:/Users/Muhamad Ridzuan/Ap
pData/Roaming/MiKTeX/2.9/fonts/type1/public/amsfonts/cm/cmmi10.pfb><C:/Users/Mu
hamad Ridzuan/AppData/Roaming/MiKTeX/2.9/fonts/type1/public/amsfonts/cm/cmmi7.p
fb><C:/Users/Muhamad Ridzuan/AppData/Roaming/MiKTeX/2.9/fonts/type1/public/amsf
onts/cm/cmr10.pfb><C:/Users/Muhamad Ridzuan/AppData/Roaming/MiKTeX/2.9/fonts/ty
pe1/public/amsfonts/cm/cmr12.pfb><C:/Users/Muhamad Ridzuan/AppData/Roaming/MiKT
eX/2.9/fonts/type1/public/amsfonts/cm/cmr17.pfb><C:/Users/Muhamad Ridzuan/AppDa
ta/Roaming/MiKTeX/2.9/fonts/type1/public/amsfonts/cm/cmr7.pfb><C:/Users/Muhamad
 Ridzuan/AppData/Roaming/MiKTeX/2.9/fonts/type1/public/amsfonts/cm/cmsy10.pfb><
C:/Users/Muhamad Ridzuan/AppData/Roaming/MiKTeX/2.9/fonts/type1/public/amsfonts
/cm/cmti10.pfb>
Output written on main.pdf (2 pages, 312400 bytes).
PDF statistics:
 72 PDF objects out of 1000 (max. 8388607)
 0 named destinations out of 1000 (max. 500000)
 6 words of extra memory for PDF output out of 10000 (max. 10000000)

