This is pdfTeX, Version 3.141592653-2.6-1.40.24 (MiKTeX 22.10) (preloaded format=pdflatex 2023.7.30)  24 MAR 2024 06:32
entering extended mode
 \write18 enabled.
 %&-line parsing enabled.
**\def\tikzexternalrealjob{main}\input{main}
(main.tex
(C:\Users\Muhamad Ridzuan\AppData\Roaming\MiKTeX\2.9\tex/latex/base\article.cls
Document Class: article 2022/07/02 v1.4n Standard LaTeX document class
(C:\Users\Muhamad Ridzuan\AppData\Roaming\MiKTeX\2.9\tex/latex/base\size10.clo
File: size10.clo 2022/07/02 v1.4n Standard LaTeX file (size option)
)
\c@part=\count185
\c@section=\count186
\c@subsection=\count187
\c@subsubsection=\count188
\c@paragraph=\count189
\c@subparagraph=\count190
\c@figure=\count191
\c@table=\count192
\abovecaptionskip=\skip48
\belowcaptionskip=\skip49
\bibindent=\dimen140
)
(C:\Users\Muhamad Ridzuan\AppData\Roaming\MiKTeX\2.9\tex/latex/lipsum\lipsum.st
y
(C:\Users\Muhamad Ridzuan\AppData\Roaming\MiKTeX\2.9\tex/latex/l3packages/l3key
s2e\l3keys2e.sty
(C:\Users\Muhamad Ridzuan\AppData\Roaming\MiKTeX\2.9\tex/latex/l3kernel\expl3.s
ty
Package: expl3 2023-02-02 L3 programming layer (loader) 

(C:\Users\Muhamad Ridzuan\AppData\Roaming\MiKTeX\2.9\tex/latex/l3backend\l3back
end-pdftex.def
File: l3backend-pdftex.def 2023-01-16 L3 backend support: PDF output (pdfTeX)
\l__color_backend_stack_int=\count193
\l__pdf_internal_box=\box51
))
Package: l3keys2e 2023-01-16 LaTeX2e option processing using LaTeX3 keys
)
Package: lipsum 2021-09-20 v2.7 150 paragraphs of Lorem Ipsum dummy text
\g__lipsum_par_int=\count194
\l__lipsum_a_int=\count195
\l__lipsum_b_int=\count196

(C:\Users\Muhamad Ridzuan\AppData\Roaming\MiKTeX\2.9\tex/latex/lipsum\lipsum.lt
d.tex))
(C:\Users\Muhamad Ridzuan\AppData\Roaming\MiKTeX\2.9\tex/latex/geometry\geometr
y.sty
Package: geometry 2020/01/02 v5.9 Page Geometry

(C:\Users\Muhamad Ridzuan\AppData\Roaming\MiKTeX\2.9\tex/latex/graphics\keyval.
sty
Package: keyval 2022/05/29 v1.15 key=value parser (DPC)
\KV@toks@=\toks16
)
(C:\Users\Muhamad Ridzuan\AppData\Roaming\MiKTeX\2.9\tex/generic/iftex\ifvtex.s
ty
Package: ifvtex 2019/10/25 v1.7 ifvtex legacy package. Use iftex instead.

(C:\Users\Muhamad Ridzuan\AppData\Roaming\MiKTeX\2.9\tex/generic/iftex\iftex.st
y
Package: iftex 2022/02/03 v1.0f TeX engine tests
))
\Gm@cnth=\count197
\Gm@cntv=\count198
\c@Gm@tempcnt=\count199
\Gm@bindingoffset=\dimen141
\Gm@wd@mp=\dimen142
\Gm@odd@mp=\dimen143
\Gm@even@mp=\dimen144
\Gm@layoutwidth=\dimen145
\Gm@layoutheight=\dimen146
\Gm@layouthoffset=\dimen147
\Gm@layoutvoffset=\dimen148
\Gm@dimlist=\toks17

(C:\Users\Muhamad Ridzuan\AppData\Roaming\MiKTeX\2.9\tex/latex/geometry\geometr
y.cfg))
(C:\Users\Muhamad Ridzuan\AppData\Roaming\MiKTeX\2.9\tex/latex/setspace\setspac
e.sty
Package: setspace 2022/12/04 v6.7b set line spacing
)
(C:\Users\Muhamad Ridzuan\AppData\Roaming\MiKTeX\2.9\tex/latex/graphics\graphic
x.sty
Package: graphicx 2021/09/16 v1.2d Enhanced LaTeX Graphics (DPC,SPQR)

(C:\Users\Muhamad Ridzuan\AppData\Roaming\MiKTeX\2.9\tex/latex/graphics\graphic
s.sty
Package: graphics 2022/03/10 v1.4e Standard LaTeX Graphics (DPC,SPQR)

(C:\Users\Muhamad Ridzuan\AppData\Roaming\MiKTeX\2.9\tex/latex/graphics\trig.st
y
Package: trig 2021/08/11 v1.11 sin cos tan (DPC)
)
(C:\Users\Muhamad Ridzuan\AppData\Roaming\MiKTeX\2.9\tex/latex/graphics-cfg\gra
phics.cfg
File: graphics.cfg 2016/06/04 v1.11 sample graphics configuration
)
Package graphics Info: Driver file: pdftex.def on input line 107.

(C:\Users\Muhamad Ridzuan\AppData\Roaming\MiKTeX\2.9\tex/latex/graphics-def\pdf
tex.def
File: pdftex.def 2022/09/22 v1.2b Graphics/color driver for pdftex
))
\Gin@req@height=\dimen149
\Gin@req@width=\dimen150
)
(C:\Users\Muhamad Ridzuan\AppData\Roaming\MiKTeX\2.9\tex/latex/amsmath\amsmath.
sty
Package: amsmath 2022/04/08 v2.17n AMS math features
\@mathmargin=\skip50
For additional information on amsmath, use the `?' option.

(C:\Users\Muhamad Ridzuan\AppData\Roaming\MiKTeX\2.9\tex/latex/amsmath\amstext.
sty
Package: amstext 2021/08/26 v2.01 AMS text

(C:\Users\Muhamad Ridzuan\AppData\Roaming\MiKTeX\2.9\tex/latex/amsmath\amsgen.s
ty
File: amsgen.sty 1999/11/30 v2.0 generic functions
\@emptytoks=\toks18
\ex@=\dimen151
))
(C:\Users\Muhamad Ridzuan\AppData\Roaming\MiKTeX\2.9\tex/latex/amsmath\amsbsy.s
ty
Package: amsbsy 1999/11/29 v1.2d Bold Symbols
\pmbraise@=\dimen152
)
(C:\Users\Muhamad Ridzuan\AppData\Roaming\MiKTeX\2.9\tex/latex/amsmath\amsopn.s
ty
Package: amsopn 2022/04/08 v2.04 operator names
)
\inf@bad=\count266
LaTeX Info: Redefining \frac on input line 234.
\uproot@=\count267
\leftroot@=\count268
LaTeX Info: Redefining \overline on input line 399.
LaTeX Info: Redefining \colon on input line 410.
\classnum@=\count269
\DOTSCASE@=\count270
LaTeX Info: Redefining \ldots on input line 496.
LaTeX Info: Redefining \dots on input line 499.
LaTeX Info: Redefining \cdots on input line 620.
\Mathstrutbox@=\box52
\strutbox@=\box53
LaTeX Info: Redefining \big on input line 722.
LaTeX Info: Redefining \Big on input line 723.
LaTeX Info: Redefining \bigg on input line 724.
LaTeX Info: Redefining \Bigg on input line 725.
\big@size=\dimen153
LaTeX Font Info:    Redeclaring font encoding OML on input line 743.
LaTeX Font Info:    Redeclaring font encoding OMS on input line 744.
\macc@depth=\count271
LaTeX Info: Redefining \bmod on input line 905.
LaTeX Info: Redefining \pmod on input line 910.
LaTeX Info: Redefining \smash on input line 940.
LaTeX Info: Redefining \relbar on input line 970.
LaTeX Info: Redefining \Relbar on input line 971.
\c@MaxMatrixCols=\count272
\dotsspace@=\muskip16
\c@parentequation=\count273
\dspbrk@lvl=\count274
\tag@help=\toks19
\row@=\count275
\column@=\count276
\maxfields@=\count277
\andhelp@=\toks20
\eqnshift@=\dimen154
\alignsep@=\dimen155
\tagshift@=\dimen156
\tagwidth@=\dimen157
\totwidth@=\dimen158
\lineht@=\dimen159
\@envbody=\toks21
\multlinegap=\skip51
\multlinetaggap=\skip52
\mathdisplay@stack=\toks22
LaTeX Info: Redefining \[ on input line 2953.
LaTeX Info: Redefining \] on input line 2954.
) (C:\Users\Muhamad Ridzuan\AppData\Roaming\MiKTeX\2.9\tex/latex/float\float.st
y
Package: float 2001/11/08 v1.3d Float enhancements (AL)
\c@float@type=\count278
\float@exts=\toks23
\float@box=\box54
\@float@everytoks=\toks24
\@floatcapt=\box55
)
(C:\Users\Muhamad Ridzuan\AppData\Roaming\MiKTeX\2.9\tex/latex/pgf/frontendlaye
r\tikz.sty
(C:\Users\Muhamad Ridzuan\AppData\Roaming\MiKTeX\2.9\tex/latex/pgf/basiclayer\p
gf.sty
(C:\Users\Muhamad Ridzuan\AppData\Roaming\MiKTeX\2.9\tex/latex/pgf/utilities\pg
frcs.sty
(C:\Users\Muhamad Ridzuan\AppData\Roaming\MiKTeX\2.9\tex/generic/pgf/utilities\
pgfutil-common.tex
\pgfutil@everybye=\toks25
\pgfutil@tempdima=\dimen160
\pgfutil@tempdimb=\dimen161
)
(C:\Users\Muhamad Ridzuan\AppData\Roaming\MiKTeX\2.9\tex/generic/pgf/utilities\
pgfutil-latex.def
\pgfutil@abb=\box56
)
(C:\Users\Muhamad Ridzuan\AppData\Roaming\MiKTeX\2.9\tex/generic/pgf/utilities\
pgfrcs.code.tex
(C:\Users\Muhamad Ridzuan\AppData\Roaming\MiKTeX\2.9\tex/generic/pgf\pgf.revisi
on.tex)
Package: pgfrcs 2023-01-15 v3.1.10 (3.1.10)
))
Package: pgf 2023-01-15 v3.1.10 (3.1.10)

(C:\Users\Muhamad Ridzuan\AppData\Roaming\MiKTeX\2.9\tex/latex/pgf/basiclayer\p
gfcore.sty
(C:\Users\Muhamad Ridzuan\AppData\Roaming\MiKTeX\2.9\tex/latex/pgf/systemlayer\
pgfsys.sty
(C:\Users\Muhamad Ridzuan\AppData\Roaming\MiKTeX\2.9\tex/generic/pgf/systemlaye
r\pgfsys.code.tex
Package: pgfsys 2023-01-15 v3.1.10 (3.1.10)

(C:\Users\Muhamad Ridzuan\AppData\Roaming\MiKTeX\2.9\tex/generic/pgf/utilities\
pgfkeys.code.tex
\pgfkeys@pathtoks=\toks26
\pgfkeys@temptoks=\toks27

(C:\Users\Muhamad Ridzuan\AppData\Roaming\MiKTeX\2.9\tex/generic/pgf/utilities\
pgfkeyslibraryfiltered.code.tex
\pgfkeys@tmptoks=\toks28
))
\pgf@x=\dimen162
\pgf@y=\dimen163
\pgf@xa=\dimen164
\pgf@ya=\dimen165
\pgf@xb=\dimen166
\pgf@yb=\dimen167
\pgf@xc=\dimen168
\pgf@yc=\dimen169
\pgf@xd=\dimen170
\pgf@yd=\dimen171
\w@pgf@writea=\write3
\r@pgf@reada=\read2
\c@pgf@counta=\count279
\c@pgf@countb=\count280
\c@pgf@countc=\count281
\c@pgf@countd=\count282
\t@pgf@toka=\toks29
\t@pgf@tokb=\toks30
\t@pgf@tokc=\toks31
\pgf@sys@id@count=\count283

(C:\Users\Muhamad Ridzuan\AppData\Roaming\MiKTeX\2.9\tex/generic/pgf/systemlaye
r\pgf.cfg
File: pgf.cfg 2023-01-15 v3.1.10 (3.1.10)
)
Driver file for pgf: pgfsys-pdftex.def

(C:\Users\Muhamad Ridzuan\AppData\Roaming\MiKTeX\2.9\tex/generic/pgf/systemlaye
r\pgfsys-pdftex.def
File: pgfsys-pdftex.def 2023-01-15 v3.1.10 (3.1.10)

(C:\Users\Muhamad Ridzuan\AppData\Roaming\MiKTeX\2.9\tex/generic/pgf/systemlaye
r\pgfsys-common-pdf.def
File: pgfsys-common-pdf.def 2023-01-15 v3.1.10 (3.1.10)
)))
(C:\Users\Muhamad Ridzuan\AppData\Roaming\MiKTeX\2.9\tex/generic/pgf/systemlaye
r\pgfsyssoftpath.code.tex
File: pgfsyssoftpath.code.tex 2023-01-15 v3.1.10 (3.1.10)
\pgfsyssoftpath@smallbuffer@items=\count284
\pgfsyssoftpath@bigbuffer@items=\count285
)
(C:\Users\Muhamad Ridzuan\AppData\Roaming\MiKTeX\2.9\tex/generic/pgf/systemlaye
r\pgfsysprotocol.code.tex
File: pgfsysprotocol.code.tex 2023-01-15 v3.1.10 (3.1.10)
))
(C:\Users\Muhamad Ridzuan\AppData\Roaming\MiKTeX\2.9\tex/latex/xcolor\xcolor.st
y
Package: xcolor 2022/06/12 v2.14 LaTeX color extensions (UK)

(C:\Users\Muhamad Ridzuan\AppData\Roaming\MiKTeX\2.9\tex/latex/graphics-cfg\col
or.cfg
File: color.cfg 2016/01/02 v1.6 sample color configuration
)
Package xcolor Info: Driver file: pdftex.def on input line 227.

(C:\Users\Muhamad Ridzuan\AppData\Roaming\MiKTeX\2.9\tex/latex/graphics\mathcol
or.ltx)
Package xcolor Info: Model `cmy' substituted by `cmy0' on input line 1353.
Package xcolor Info: Model `hsb' substituted by `rgb' on input line 1357.
Package xcolor Info: Model `RGB' extended on input line 1369.
Package xcolor Info: Model `HTML' substituted by `rgb' on input line 1371.
Package xcolor Info: Model `Hsb' substituted by `hsb' on input line 1372.
Package xcolor Info: Model `tHsb' substituted by `hsb' on input line 1373.
Package xcolor Info: Model `HSB' substituted by `hsb' on input line 1374.
Package xcolor Info: Model `Gray' substituted by `gray' on input line 1375.
Package xcolor Info: Model `wave' substituted by `hsb' on input line 1376.
)
(C:\Users\Muhamad Ridzuan\AppData\Roaming\MiKTeX\2.9\tex/generic/pgf/basiclayer
\pgfcore.code.tex
Package: pgfcore 2023-01-15 v3.1.10 (3.1.10)

(C:\Users\Muhamad Ridzuan\AppData\Roaming\MiKTeX\2.9\tex/generic/pgf/math\pgfma
th.code.tex
(C:\Users\Muhamad Ridzuan\AppData\Roaming\MiKTeX\2.9\tex/generic/pgf/math\pgfma
thutil.code.tex)
(C:\Users\Muhamad Ridzuan\AppData\Roaming\MiKTeX\2.9\tex/generic/pgf/math\pgfma
thparser.code.tex
\pgfmath@dimen=\dimen172
\pgfmath@count=\count286
\pgfmath@box=\box57
\pgfmath@toks=\toks32
\pgfmath@stack@operand=\toks33
\pgfmath@stack@operation=\toks34
)
(C:\Users\Muhamad Ridzuan\AppData\Roaming\MiKTeX\2.9\tex/generic/pgf/math\pgfma
thfunctions.code.tex)
(C:\Users\Muhamad Ridzuan\AppData\Roaming\MiKTeX\2.9\tex/generic/pgf/math\pgfma
thfunctions.basic.code.tex)
(C:\Users\Muhamad Ridzuan\AppData\Roaming\MiKTeX\2.9\tex/generic/pgf/math\pgfma
thfunctions.trigonometric.code.tex)
(C:\Users\Muhamad Ridzuan\AppData\Roaming\MiKTeX\2.9\tex/generic/pgf/math\pgfma
thfunctions.random.code.tex)
(C:\Users\Muhamad Ridzuan\AppData\Roaming\MiKTeX\2.9\tex/generic/pgf/math\pgfma
thfunctions.comparison.code.tex)
(C:\Users\Muhamad Ridzuan\AppData\Roaming\MiKTeX\2.9\tex/generic/pgf/math\pgfma
thfunctions.base.code.tex)
(C:\Users\Muhamad Ridzuan\AppData\Roaming\MiKTeX\2.9\tex/generic/pgf/math\pgfma
thfunctions.round.code.tex)
(C:\Users\Muhamad Ridzuan\AppData\Roaming\MiKTeX\2.9\tex/generic/pgf/math\pgfma
thfunctions.misc.code.tex)
(C:\Users\Muhamad Ridzuan\AppData\Roaming\MiKTeX\2.9\tex/generic/pgf/math\pgfma
thfunctions.integerarithmetics.code.tex)
(C:\Users\Muhamad Ridzuan\AppData\Roaming\MiKTeX\2.9\tex/generic/pgf/math\pgfma
thcalc.code.tex)
(C:\Users\Muhamad Ridzuan\AppData\Roaming\MiKTeX\2.9\tex/generic/pgf/math\pgfma
thfloat.code.tex
\c@pgfmathroundto@lastzeros=\count287
))
(C:\Users\Muhamad Ridzuan\AppData\Roaming\MiKTeX\2.9\tex/generic/pgf/math\pgfin
t.code.tex)
(C:\Users\Muhamad Ridzuan\AppData\Roaming\MiKTeX\2.9\tex/generic/pgf/basiclayer
\pgfcorepoints.code.tex
File: pgfcorepoints.code.tex 2023-01-15 v3.1.10 (3.1.10)
\pgf@picminx=\dimen173
\pgf@picmaxx=\dimen174
\pgf@picminy=\dimen175
\pgf@picmaxy=\dimen176
\pgf@pathminx=\dimen177
\pgf@pathmaxx=\dimen178
\pgf@pathminy=\dimen179
\pgf@pathmaxy=\dimen180
\pgf@xx=\dimen181
\pgf@xy=\dimen182
\pgf@yx=\dimen183
\pgf@yy=\dimen184
\pgf@zx=\dimen185
\pgf@zy=\dimen186
)
(C:\Users\Muhamad Ridzuan\AppData\Roaming\MiKTeX\2.9\tex/generic/pgf/basiclayer
\pgfcorepathconstruct.code.tex
File: pgfcorepathconstruct.code.tex 2023-01-15 v3.1.10 (3.1.10)
\pgf@path@lastx=\dimen187
\pgf@path@lasty=\dimen188
)
(C:\Users\Muhamad Ridzuan\AppData\Roaming\MiKTeX\2.9\tex/generic/pgf/basiclayer
\pgfcorepathusage.code.tex
File: pgfcorepathusage.code.tex 2023-01-15 v3.1.10 (3.1.10)
\pgf@shorten@end@additional=\dimen189
\pgf@shorten@start@additional=\dimen190
)
(C:\Users\Muhamad Ridzuan\AppData\Roaming\MiKTeX\2.9\tex/generic/pgf/basiclayer
\pgfcorescopes.code.tex
File: pgfcorescopes.code.tex 2023-01-15 v3.1.10 (3.1.10)
\pgfpic=\box58
\pgf@hbox=\box59
\pgf@layerbox@main=\box60
\pgf@picture@serial@count=\count288
)
(C:\Users\Muhamad Ridzuan\AppData\Roaming\MiKTeX\2.9\tex/generic/pgf/basiclayer
\pgfcoregraphicstate.code.tex
File: pgfcoregraphicstate.code.tex 2023-01-15 v3.1.10 (3.1.10)
\pgflinewidth=\dimen191
)
(C:\Users\Muhamad Ridzuan\AppData\Roaming\MiKTeX\2.9\tex/generic/pgf/basiclayer
\pgfcoretransformations.code.tex
File: pgfcoretransformations.code.tex 2023-01-15 v3.1.10 (3.1.10)
\pgf@pt@x=\dimen192
\pgf@pt@y=\dimen193
\pgf@pt@temp=\dimen194
)
(C:\Users\Muhamad Ridzuan\AppData\Roaming\MiKTeX\2.9\tex/generic/pgf/basiclayer
\pgfcorequick.code.tex
File: pgfcorequick.code.tex 2023-01-15 v3.1.10 (3.1.10)
)
(C:\Users\Muhamad Ridzuan\AppData\Roaming\MiKTeX\2.9\tex/generic/pgf/basiclayer
\pgfcoreobjects.code.tex
File: pgfcoreobjects.code.tex 2023-01-15 v3.1.10 (3.1.10)
)
(C:\Users\Muhamad Ridzuan\AppData\Roaming\MiKTeX\2.9\tex/generic/pgf/basiclayer
\pgfcorepathprocessing.code.tex
File: pgfcorepathprocessing.code.tex 2023-01-15 v3.1.10 (3.1.10)
)
(C:\Users\Muhamad Ridzuan\AppData\Roaming\MiKTeX\2.9\tex/generic/pgf/basiclayer
\pgfcorearrows.code.tex
File: pgfcorearrows.code.tex 2023-01-15 v3.1.10 (3.1.10)
\pgfarrowsep=\dimen195
)
(C:\Users\Muhamad Ridzuan\AppData\Roaming\MiKTeX\2.9\tex/generic/pgf/basiclayer
\pgfcoreshade.code.tex
File: pgfcoreshade.code.tex 2023-01-15 v3.1.10 (3.1.10)
\pgf@max=\dimen196
\pgf@sys@shading@range@num=\count289
\pgf@shadingcount=\count290
)
(C:\Users\Muhamad Ridzuan\AppData\Roaming\MiKTeX\2.9\tex/generic/pgf/basiclayer
\pgfcoreimage.code.tex
File: pgfcoreimage.code.tex 2023-01-15 v3.1.10 (3.1.10)
)
(C:\Users\Muhamad Ridzuan\AppData\Roaming\MiKTeX\2.9\tex/generic/pgf/basiclayer
\pgfcoreexternal.code.tex
File: pgfcoreexternal.code.tex 2023-01-15 v3.1.10 (3.1.10)
\pgfexternal@startupbox=\box61
)
(C:\Users\Muhamad Ridzuan\AppData\Roaming\MiKTeX\2.9\tex/generic/pgf/basiclayer
\pgfcorelayers.code.tex
File: pgfcorelayers.code.tex 2023-01-15 v3.1.10 (3.1.10)
)
(C:\Users\Muhamad Ridzuan\AppData\Roaming\MiKTeX\2.9\tex/generic/pgf/basiclayer
\pgfcoretransparency.code.tex
File: pgfcoretransparency.code.tex 2023-01-15 v3.1.10 (3.1.10)
)
(C:\Users\Muhamad Ridzuan\AppData\Roaming\MiKTeX\2.9\tex/generic/pgf/basiclayer
\pgfcorepatterns.code.tex
File: pgfcorepatterns.code.tex 2023-01-15 v3.1.10 (3.1.10)
)
(C:\Users\Muhamad Ridzuan\AppData\Roaming\MiKTeX\2.9\tex/generic/pgf/basiclayer
\pgfcorerdf.code.tex
File: pgfcorerdf.code.tex 2023-01-15 v3.1.10 (3.1.10)
)))
(C:\Users\Muhamad Ridzuan\AppData\Roaming\MiKTeX\2.9\tex/generic/pgf/modules\pg
fmoduleshapes.code.tex
File: pgfmoduleshapes.code.tex 2023-01-15 v3.1.10 (3.1.10)
\pgfnodeparttextbox=\box62
)
(C:\Users\Muhamad Ridzuan\AppData\Roaming\MiKTeX\2.9\tex/generic/pgf/modules\pg
fmoduleplot.code.tex
File: pgfmoduleplot.code.tex 2023-01-15 v3.1.10 (3.1.10)
)
(C:\Users\Muhamad Ridzuan\AppData\Roaming\MiKTeX\2.9\tex/latex/pgf/compatibilit
y\pgfcomp-version-0-65.sty
Package: pgfcomp-version-0-65 2023-01-15 v3.1.10 (3.1.10)
\pgf@nodesepstart=\dimen197
\pgf@nodesepend=\dimen198
)
(C:\Users\Muhamad Ridzuan\AppData\Roaming\MiKTeX\2.9\tex/latex/pgf/compatibilit
y\pgfcomp-version-1-18.sty
Package: pgfcomp-version-1-18 2023-01-15 v3.1.10 (3.1.10)
))
(C:\Users\Muhamad Ridzuan\AppData\Roaming\MiKTeX\2.9\tex/latex/pgf/utilities\pg
ffor.sty
(C:\Users\Muhamad Ridzuan\AppData\Roaming\MiKTeX\2.9\tex/latex/pgf/utilities\pg
fkeys.sty
(C:\Users\Muhamad Ridzuan\AppData\Roaming\MiKTeX\2.9\tex/generic/pgf/utilities\
pgfkeys.code.tex))
(C:\Users\Muhamad Ridzuan\AppData\Roaming\MiKTeX\2.9\tex/latex/pgf/math\pgfmath
.sty
(C:\Users\Muhamad Ridzuan\AppData\Roaming\MiKTeX\2.9\tex/generic/pgf/math\pgfma
th.code.tex))
(C:\Users\Muhamad Ridzuan\AppData\Roaming\MiKTeX\2.9\tex/generic/pgf/utilities\
pgffor.code.tex
Package: pgffor 2023-01-15 v3.1.10 (3.1.10)
\pgffor@iter=\dimen199
\pgffor@skip=\dimen256
\pgffor@stack=\toks35
\pgffor@toks=\toks36
))
(C:\Users\Muhamad Ridzuan\AppData\Roaming\MiKTeX\2.9\tex/generic/pgf/frontendla
yer/tikz\tikz.code.tex
Package: tikz 2023-01-15 v3.1.10 (3.1.10)

(C:\Users\Muhamad Ridzuan\AppData\Roaming\MiKTeX\2.9\tex/generic/pgf/libraries\
pgflibraryplothandlers.code.tex
File: pgflibraryplothandlers.code.tex 2023-01-15 v3.1.10 (3.1.10)
\pgf@plot@mark@count=\count291
\pgfplotmarksize=\dimen257
)
\tikz@lastx=\dimen258
\tikz@lasty=\dimen259
\tikz@lastxsaved=\dimen260
\tikz@lastysaved=\dimen261
\tikz@lastmovetox=\dimen262
\tikz@lastmovetoy=\dimen263
\tikzleveldistance=\dimen264
\tikzsiblingdistance=\dimen265
\tikz@figbox=\box63
\tikz@figbox@bg=\box64
\tikz@tempbox=\box65
\tikz@tempbox@bg=\box66
\tikztreelevel=\count292
\tikznumberofchildren=\count293
\tikznumberofcurrentchild=\count294
\tikz@fig@count=\count295

(C:\Users\Muhamad Ridzuan\AppData\Roaming\MiKTeX\2.9\tex/generic/pgf/modules\pg
fmodulematrix.code.tex
File: pgfmodulematrix.code.tex 2023-01-15 v3.1.10 (3.1.10)
\pgfmatrixcurrentrow=\count296
\pgfmatrixcurrentcolumn=\count297
\pgf@matrix@numberofcolumns=\count298
)
\tikz@expandcount=\count299

(C:\Users\Muhamad Ridzuan\AppData\Roaming\MiKTeX\2.9\tex/generic/pgf/frontendla
yer/tikz/libraries\tikzlibrarytopaths.code.tex
File: tikzlibrarytopaths.code.tex 2023-01-15 v3.1.10 (3.1.10)
)))
(C:\Users\Muhamad Ridzuan\AppData\Roaming\MiKTeX\2.9\tex/latex/pgfplots\pgfplot
s.sty
(C:\Users\Muhamad Ridzuan\AppData\Roaming\MiKTeX\2.9\tex/generic/pgfplots\pgfpl
ots.revision.tex)
Package: pgfplots 2021/05/15 v1.18.1 Data Visualization (1.18.1)

(C:\Users\Muhamad Ridzuan\AppData\Roaming\MiKTeX\2.9\tex/generic/pgfplots\pgfpl
ots.code.tex
(C:\Users\Muhamad Ridzuan\AppData\Roaming\MiKTeX\2.9\tex/generic/pgfplots\pgfpl
otscore.code.tex
\t@pgfplots@toka=\toks37
\t@pgfplots@tokb=\toks38
\t@pgfplots@tokc=\toks39
\pgfplots@tmpa=\dimen266
\c@pgfplots@coordindex=\count300
\c@pgfplots@scanlineindex=\count301

(C:\Users\Muhamad Ridzuan\AppData\Roaming\MiKTeX\2.9\tex/generic/pgfplots/sys\p
gfplotssysgeneric.code.tex))
(C:\Users\Muhamad Ridzuan\AppData\Roaming\MiKTeX\2.9\tex/generic/pgfplots/libs\
pgfplotslibrary.code.tex)
(C:\Users\Muhamad Ridzuan\AppData\Roaming\MiKTeX\2.9\tex/generic/pgfplots/oldpg
fcompatib\pgfplotsoldpgfsupp_loader.code.tex
(C:\Users\Muhamad Ridzuan\AppData\Roaming\MiKTeX\2.9\tex/generic/pgf/libraries\
pgflibraryfpu.code.tex)
Package pgfplots: loading complementary utilities for your pgf version...
\t@pgf@toka=\toks40
\t@pgf@tokb=\toks41
\t@pgf@tokc=\toks42

(C:\Users\Muhamad Ridzuan\AppData\Roaming\MiKTeX\2.9\tex/generic/pgfplots/oldpg
fcompatib\pgfplotsoldpgfsupp_pgfutil-common-lists.tex))
(C:\Users\Muhamad Ridzuan\AppData\Roaming\MiKTeX\2.9\tex/generic/pgfplots/util\
pgfplotsutil.code.tex
(C:\Users\Muhamad Ridzuan\AppData\Roaming\MiKTeX\2.9\tex/generic/pgfplots/lists
tructure\pgfplotsliststructure.code.tex)
(C:\Users\Muhamad Ridzuan\AppData\Roaming\MiKTeX\2.9\tex/generic/pgfplots/lists
tructure\pgfplotsliststructureext.code.tex)
(C:\Users\Muhamad Ridzuan\AppData\Roaming\MiKTeX\2.9\tex/generic/pgfplots/lists
tructure\pgfplotsarray.code.tex
\c@pgfplotsarray@tmp=\count302
)
(C:\Users\Muhamad Ridzuan\AppData\Roaming\MiKTeX\2.9\tex/generic/pgfplots/lists
tructure\pgfplotsmatrix.code.tex)
(C:\Users\Muhamad Ridzuan\AppData\Roaming\MiKTeX\2.9\tex/generic/pgfplots/numta
ble\pgfplotstableshared.code.tex
\c@pgfplotstable@counta=\count303
\t@pgfplotstable@a=\toks43
)
(C:\Users\Muhamad Ridzuan\AppData\Roaming\MiKTeX\2.9\tex/generic/pgfplots/lists
tructure\pgfplotsdeque.code.tex)
(C:\Users\Muhamad Ridzuan\AppData\Roaming\MiKTeX\2.9\tex/generic/pgfplots/util\
pgfplotsbinary.code.tex
(C:\Users\Muhamad Ridzuan\AppData\Roaming\MiKTeX\2.9\tex/generic/pgfplots/util\
pgfplotsbinary.data.code.tex))
(C:\Users\Muhamad Ridzuan\AppData\Roaming\MiKTeX\2.9\tex/generic/pgfplots/util\
pgfplotsutil.verb.code.tex)
(C:\Users\Muhamad Ridzuan\AppData\Roaming\MiKTeX\2.9\tex/generic/pgfplots/libs\
pgflibrarypgfplots.surfshading.code.tex
\c@pgfplotslibrarysurf@no=\count304

(C:\Users\Muhamad Ridzuan\AppData\Roaming\MiKTeX\2.9\tex/generic/pgfplots/sys\p
gflibrarypgfplots.surfshading.pgfsys-pdftex.def)))
(C:\Users\Muhamad Ridzuan\AppData\Roaming\MiKTeX\2.9\tex/generic/pgfplots/util\
pgfplotscolormap.code.tex
(C:\Users\Muhamad Ridzuan\AppData\Roaming\MiKTeX\2.9\tex/generic/pgfplots/util\
pgfplotscolor.code.tex))
(C:\Users\Muhamad Ridzuan\AppData\Roaming\MiKTeX\2.9\tex/generic/pgfplots\pgfpl
otsstackedplots.code.tex)
(C:\Users\Muhamad Ridzuan\AppData\Roaming\MiKTeX\2.9\tex/generic/pgfplots\pgfpl
otsplothandlers.code.tex
(C:\Users\Muhamad Ridzuan\AppData\Roaming\MiKTeX\2.9\tex/generic/pgfplots\pgfpl
otsmeshplothandler.code.tex
(C:\Users\Muhamad Ridzuan\AppData\Roaming\MiKTeX\2.9\tex/generic/pgfplots\pgfpl
otsmeshplotimage.code.tex)))
(C:\Users\Muhamad Ridzuan\AppData\Roaming\MiKTeX\2.9\tex/generic/pgfplots\pgfpl
ots.scaling.code.tex)
(C:\Users\Muhamad Ridzuan\AppData\Roaming\MiKTeX\2.9\tex/generic/pgfplots\pgfpl
otscoordprocessing.code.tex)
(C:\Users\Muhamad Ridzuan\AppData\Roaming\MiKTeX\2.9\tex/generic/pgfplots\pgfpl
ots.errorbars.code.tex)
(C:\Users\Muhamad Ridzuan\AppData\Roaming\MiKTeX\2.9\tex/generic/pgfplots\pgfpl
ots.markers.code.tex)
(C:\Users\Muhamad Ridzuan\AppData\Roaming\MiKTeX\2.9\tex/generic/pgfplots\pgfpl
otsticks.code.tex)
(C:\Users\Muhamad Ridzuan\AppData\Roaming\MiKTeX\2.9\tex/generic/pgfplots\pgfpl
ots.paths.code.tex)
(C:\Users\Muhamad Ridzuan\AppData\Roaming\MiKTeX\2.9\tex/generic/pgf/frontendla
yer/tikz/libraries\tikzlibrarydecorations.code.tex
(C:\Users\Muhamad Ridzuan\AppData\Roaming\MiKTeX\2.9\tex/generic/pgf/modules\pg
fmoduledecorations.code.tex
\pgfdecoratedcompleteddistance=\dimen267
\pgfdecoratedremainingdistance=\dimen268
\pgfdecoratedinputsegmentcompleteddistance=\dimen269
\pgfdecoratedinputsegmentremainingdistance=\dimen270
\pgf@decorate@distancetomove=\dimen271
\pgf@decorate@repeatstate=\count305
\pgfdecorationsegmentamplitude=\dimen272
\pgfdecorationsegmentlength=\dimen273
)
\tikz@lib@dec@box=\box67
)
(C:\Users\Muhamad Ridzuan\AppData\Roaming\MiKTeX\2.9\tex/generic/pgf/frontendla
yer/tikz/libraries\tikzlibrarydecorations.pathmorphing.code.tex
(C:\Users\Muhamad Ridzuan\AppData\Roaming\MiKTeX\2.9\tex/generic/pgf/libraries/
decorations\pgflibrarydecorations.pathmorphing.code.tex))
(C:\Users\Muhamad Ridzuan\AppData\Roaming\MiKTeX\2.9\tex/generic/pgf/frontendla
yer/tikz/libraries\tikzlibrarydecorations.pathreplacing.code.tex
(C:\Users\Muhamad Ridzuan\AppData\Roaming\MiKTeX\2.9\tex/generic/pgf/libraries/
decorations\pgflibrarydecorations.pathreplacing.code.tex))
(C:\Users\Muhamad Ridzuan\AppData\Roaming\MiKTeX\2.9\tex/generic/pgfplots/libs\
tikzlibrarypgfplots.contourlua.code.tex)
\pgfplots@numplots=\count306
\pgfplots@xmin@reg=\dimen274
\pgfplots@xmax@reg=\dimen275
\pgfplots@ymin@reg=\dimen276
\pgfplots@ymax@reg=\dimen277
\pgfplots@zmin@reg=\dimen278
\pgfplots@zmax@reg=\dimen279
)
(C:\Users\Muhamad Ridzuan\AppData\Roaming\MiKTeX\2.9\tex/generic/pgf/frontendla
yer/tikz/libraries\tikzlibraryplotmarks.code.tex
File: tikzlibraryplotmarks.code.tex 2023-01-15 v3.1.10 (3.1.10)

(C:\Users\Muhamad Ridzuan\AppData\Roaming\MiKTeX\2.9\tex/generic/pgf/libraries\
pgflibraryplotmarks.code.tex
File: pgflibraryplotmarks.code.tex 2023-01-15 v3.1.10 (3.1.10)
)))
(C:\Users\Muhamad Ridzuan\AppData\Roaming\MiKTeX\2.9\tex/generic/pgfplots/libs\
tikzlibrarypgfplots.external.code.tex
(C:\Users\Muhamad Ridzuan\AppData\Roaming\MiKTeX\2.9\tex/latex/pgf/frontendlaye
r/libraries\tikzlibraryexternal.code.tex
(C:\Users\Muhamad Ridzuan\AppData\Roaming\MiKTeX\2.9\tex/generic/pdftexcmds\pdf
texcmds.sty
Package: pdftexcmds 2020-06-27 v0.33 Utility functions of pdfTeX for LuaTeX (HO
)

(C:\Users\Muhamad Ridzuan\AppData\Roaming\MiKTeX\2.9\tex/generic/infwarerr\infw
arerr.sty
Package: infwarerr 2019/12/03 v1.5 Providing info/warning/error messages (HO)
)
(C:\Users\Muhamad Ridzuan\AppData\Roaming\MiKTeX\2.9\tex/generic/ltxcmds\ltxcmd
s.sty
Package: ltxcmds 2020-05-10 v1.25 LaTeX kernel commands for general use (HO)
)
Package pdftexcmds Info: \pdf@primitive is available.
Package pdftexcmds Info: \pdf@ifprimitive is available.
Package pdftexcmds Info: \pdfdraftmode found.
)
(C:\Users\Muhamad Ridzuan\AppData\Roaming\MiKTeX\2.9\tex/latex/base\atveryend-l
tx.sty
Package: atveryend-ltx 2020/08/19 v1.0a Emulation of the original atveryend pac
kage
with kernel methods
)
(C:\Users\Muhamad Ridzuan\AppData\Roaming\MiKTeX\2.9\tex/generic/pgf/frontendla
yer/tikz/libraries\tikzexternalshared.code.tex)))
No auxiliary output files.

\w@pgfexternal@auxout=\write4
Package TikZ externalization: calling \geometry{driver=none} during externaliza
tion.


(C:\Users\Muhamad Ridzuan\AppData\Roaming\MiKTeX\2.9\tex/generic/pgf/frontendla
yer/tikz/libraries\tikzlibrarymatrix.code.tex
File: tikzlibrarymatrix.code.tex 2023-01-15 v3.1.10 (3.1.10)
)
(C:\Users\Muhamad Ridzuan\AppData\Roaming\MiKTeX\2.9\tex/generic/pgf/frontendla
yer/tikz/libraries\tikzlibrarycalc.code.tex
File: tikzlibrarycalc.code.tex 2023-01-15 v3.1.10 (3.1.10)
)
No file main-figure0.aux.
LaTeX Font Info:    Checking defaults for OML/cmm/m/it on input line 163.
LaTeX Font Info:    ... okay on input line 163.
LaTeX Font Info:    Checking defaults for OMS/cmsy/m/n on input line 163.
LaTeX Font Info:    ... okay on input line 163.
LaTeX Font Info:    Checking defaults for OT1/cmr/m/n on input line 163.
LaTeX Font Info:    ... okay on input line 163.
LaTeX Font Info:    Checking defaults for T1/cmr/m/n on input line 163.
LaTeX Font Info:    ... okay on input line 163.
LaTeX Font Info:    Checking defaults for TS1/cmr/m/n on input line 163.
LaTeX Font Info:    ... okay on input line 163.
LaTeX Font Info:    Checking defaults for OMX/cmex/m/n on input line 163.
LaTeX Font Info:    ... okay on input line 163.
LaTeX Font Info:    Checking defaults for U/cmr/m/n on input line 163.
LaTeX Font Info:    ... okay on input line 163.
*geometry* detected driver: <none>
*geometry* verbose mode - [ preamble ] result:
* driver: \Gm@driver 
* paper: <default>
* layout: <same size as paper>
* layoutoffset:(h,v)=(0.0pt,0.0pt)
* modes: 
* h-part:(L,W,R)=(72.26999pt, 469.75502pt, 72.26999pt)
* v-part:(T,H,B)=(72.26999pt, 650.43001pt, 72.26999pt)
* \paperwidth=614.295pt
* \paperheight=794.96999pt
* \textwidth=469.75502pt
* \textheight=650.43001pt
* \oddsidemargin=0.0pt
* \evensidemargin=0.0pt
* \topmargin=-37.0pt
* \headheight=12.0pt
* \headsep=25.0pt
* \topskip=10.0pt
* \footskip=30.0pt
* \marginparwidth=65.0pt
* \marginparsep=11.0pt
* \columnsep=10.0pt
* \skip\footins=9.0pt plus 4.0pt minus 2.0pt
* \hoffset=0.0pt
* \voffset=0.0pt
* \mag=1000
* \@twocolumnfalse
* \@twosidefalse
* \@mparswitchfalse
* \@reversemarginfalse
* (1in=72.27pt=25.4mm, 1cm=28.453pt)


(C:\Users\Muhamad Ridzuan\AppData\Roaming\MiKTeX\2.9\tex/context/base/mkii\supp
-pdf.mkii
[Loading MPS to PDF converter (version 2006.09.02).]
\scratchcounter=\count307
\scratchdimen=\dimen280
\scratchbox=\box68
\nofMPsegments=\count308
\nofMParguments=\count309
\everyMPshowfont=\toks44
\MPscratchCnt=\count310
\MPscratchDim=\dimen281
\MPnumerator=\count311
\makeMPintoPDFobject=\count312
\everyMPtoPDFconversion=\toks45
)
(C:\Users\Muhamad Ridzuan\AppData\Roaming\MiKTeX\2.9\tex/latex/epstopdf-pkg\eps
topdf-base.sty
Package: epstopdf-base 2020-01-24 v2.11 Base part for package epstopdf
Package epstopdf-base Info: Redefining graphics rule for `.eps' on input line 4
85.

(C:\Users\Muhamad Ridzuan\AppData\Roaming\MiKTeX\2.9\tex/latex/00miktex\epstopd
f-sys.cfg
File: epstopdf-sys.cfg 2021/03/18 v2.0 Configuration of epstopdf for MiKTeX
))
Package pgfplots notification 'compat/show suggested version=true': you might b
enefit from \pgfplotsset{compat=1.18} (current compat level: 1.9).

(chapter_1.tex
Overfull \hbox (9.22026pt too wide) in paragraph at lines 33--34
\OT1/cmr/m/n/10 This lead to the Generalized Hebbian learning, aka Sanger's rul
e where the contribution of input is \OT1/cmr/m/it/10 incrementally
 []

The command '\includegraphics [scale=0.5]{simplified_perceptron_model}' has bee
n optimized away. Use '/tikz/external/optimize=false' to disable this.
The command '\includegraphics [scale=0.5]{perceptron_fbd}' has been optimized a
way. Use '/tikz/external/optimize=false' to disable this.
The command '\includegraphics [scale=0.5]{perceptron_fbd}' has been optimized a
way. Use '/tikz/external/optimize=false' to disable this.
The command '\includegraphics [scale=0.5]{hyperplane}' has been optimized away.
 Use '/tikz/external/optimize=false' to disable this.
The command '\includegraphics [scale=0.5]{2d_hyperplane}' has been optimized aw
ay. Use '/tikz/external/optimize=false' to disable this.
The command '\includegraphics [scale=0.5]{1_boolean}' has been optimized away. 
Use '/tikz/external/optimize=false' to disable this.

Underfull \hbox (badness 10000) in paragraph at lines 219--221
[]
 []

The command '\includegraphics [width=0.5\textwidth ]{2_and_gate}' has been opti
mized away. Use '/tikz/external/optimize=false' to disable this.
The command '\includegraphics [width=0.5\textwidth ]{2_or_gate}' has been optim
ized away. Use '/tikz/external/optimize=false' to disable this.
The command '\includegraphics [width=0.5\textwidth ]{2_not_gate}' has been opti
mized away. Use '/tikz/external/optimize=false' to disable this.
The command '\includegraphics [width=\textwidth ]{1_multi_model_perceptron}' ha
s been optimized away. Use '/tikz/external/optimize=false' to disable this.
The command '\includegraphics [width=\textwidth ]{1_pentagon}' has been optimiz
ed away. Use '/tikz/external/optimize=false' to disable this.
The command '\includegraphics [width=\textwidth ]{1_complex}' has been optimize
d away. Use '/tikz/external/optimize=false' to disable this.
The command '\includegraphics [width=0.5\textwidth ]{1_3_unit_mlps}' has been o
ptimized away. Use '/tikz/external/optimize=false' to disable this.
The command '\includegraphics [width=0.5\textwidth ]{1_arbitrary_continuous}' h
as been optimized away. Use '/tikz/external/optimize=false' to disable this.
) (chapter_2.tex
The command '\includegraphics [width=0.5\textwidth ]{2_perceptron}' has been op
timized away. Use '/tikz/external/optimize=false' to disable this.
The command '\includegraphics [width=0.4\textwidth ]{2_2depth}' has been optimi
zed away. Use '/tikz/external/optimize=false' to disable this.
The command '\includegraphics [width=0.4\textwidth ]{2_3depth}' has been optimi
zed away. Use '/tikz/external/optimize=false' to disable this.
The command '\includegraphics [width=0.75\textwidth ]{2_layer}' has been optimi
zed away. Use '/tikz/external/optimize=false' to disable this.
The command '\includegraphics [width=\textwidth ]{2_boolean_gate}' has been opt
imized away. Use '/tikz/external/optimize=false' to disable this.
The command '\includegraphics [width=0.5\textwidth ]{2_universal_and}' has been
 optimized away. Use '/tikz/external/optimize=false' to disable this.
The command '\includegraphics [width=0.5\textwidth ]{2_universal_or}' has been 
optimized away. Use '/tikz/external/optimize=false' to disable this.
The command '\includegraphics [width=0.5\textwidth ]{2_majority_gate}' has been
 optimized away. Use '/tikz/external/optimize=false' to disable this.
The command '\includegraphics [width=0.5\textwidth ]{2_truth_table}' has been o
ptimized away. Use '/tikz/external/optimize=false' to disable this.
\openout4 = `main-figure0.dpth'.

[11

{C:/Users/Muhamad Ridzuan/AppData/Local/MiKTeX/2.9/fonts/map/pdftex/pdftex.map}
]
The command '\includegraphics [width=0.5\textwidth ]{2_reduced_dnf}' has been o
ptimized away. Use '/tikz/external/optimize=false' to disable this.
A tikzpicture has been optimized away. Use '/tikz/external/optimize=false' to d
isable this.
! Extra }, or forgotten \endgroup.
\@endfloatbox ...pagefalse \outer@nobreak \egroup 
                                                  \color@endbox 
l.529 \end{figure}
                   
Here is how much of TeX's memory you used:
 24752 strings out of 478312
 652393 string characters out of 5839263
 1877340 words of memory out of 5000000
 44491 multiletter control sequences out of 15000+600000
 519271 words of font info for 56 fonts, out of 8000000 for 9000
 0 hyphenation exceptions out of 8191
 88i,18n,92p,762b,1057s stack positions out of 10000i,1000n,20000p,200000b,200000s

!  ==> Fatal error occurred, no output PDF file produced!
